<?xml version="1.0" encoding="UTF-8"?>
<testng-results skipped="0" failed="0" ignored="0" total="1" passed="1">
  <reporter-output>
  </reporter-output>
  <suite name="Suite" duration-ms="136819" started-at="2020-06-30T17:14:01Z" finished-at="2020-06-30T17:16:18Z">
    <groups>
      <group name="cucumber">
        <method signature="AbstractTestNGCucumberTests.feature(cucumber.api.testng.CucumberFeatureWrapper)[pri:0, instance:runners.PositiveTest@365185bd]" name="feature" class="cucumber.api.testng.AbstractTestNGCucumberTests"/>
      </group> <!-- cucumber -->
    </groups>
    <test name="Test" duration-ms="136819" started-at="2020-06-30T17:14:01Z" finished-at="2020-06-30T17:16:18Z">
      <class name="runners.PositiveTest">
        <test-method status="PASS" signature="setUpClass()[pri:0, instance:runners.PositiveTest@365185bd]" name="setUpClass" is-config="true" duration-ms="197" started-at="2020-06-30T17:14:01Z" finished-at="2020-06-30T17:14:01Z">
          <reporter-output>
          </reporter-output>
        </test-method> <!-- setUpClass -->
        <test-method status="PASS" signature="setup()[pri:0, instance:runners.PositiveTest@365185bd]" name="setup" is-config="true" duration-ms="175" started-at="2020-06-30T17:14:01Z" finished-at="2020-06-30T17:14:01Z">
          <reporter-output>
          </reporter-output>
        </test-method> <!-- setup -->
        <test-method status="PASS" signature="feature(cucumber.api.testng.CucumberFeatureWrapper)[pri:0, instance:runners.PositiveTest@365185bd]" name="feature" duration-ms="136306" started-at="2020-06-30T17:14:01Z" description="Runs Cucumber Feature" data-provider="features" finished-at="2020-06-30T17:16:18Z">
          <params>
            <param index="0">
              <value>
                <![CDATA[Acceptance testing to validate Search Cars Page is working.]]>
              </value>
            </param>
          </params>
          <reporter-output>
          </reporter-output>
        </test-method> <!-- feature -->
        <test-method status="PASS" signature="tearDownClass()[pri:0, instance:runners.PositiveTest@365185bd]" name="tearDownClass" is-config="true" duration-ms="54" started-at="2020-06-30T17:16:18Z" finished-at="2020-06-30T17:16:18Z">
          <reporter-output>
          </reporter-output>
        </test-method> <!-- tearDownClass -->
      </class> <!-- runners.PositiveTest -->
    </test> <!-- Test -->
  </suite> <!-- Suite -->
</testng-results>
